2019-09-04T03:30:23.455Z - info: [ui] [AppStore] loading 1 repositories from store
2019-09-04T03:30:23.456Z - info: [ui] [AppStore] found account: Arisena (Arisena)
2019-09-04T03:30:23.456Z - info: [ui] [AppStore] found account: Arisena (Arisena)
2019-09-04T03:30:24.333Z - info: [ui] [BranchPruner] Last prune took place in 11 hours - skipping
2019-09-04T03:30:24.724Z - info: [ui] launching: 2.1.0-linux1 (Linux 5.2.11-zen1-1-zen)
2019-09-04T03:30:24.724Z - info: [ui] execPath: '/opt/github-desktop/github-desktop'
2019-09-04T03:30:26.432Z - info: [ui] Executing installGlobalLFSFilter: git lfs install --skip-repo (took 1.713s)
2019-09-04T03:30:27.032Z - info: [ui] Executing fetch: git -c credential.helper= -c protocol.version=2 fetch --progress --prune origin (took 1.504s)
2019-09-04T12:39:06.313Z - info: [ui] [AppStore] loading 1 repositories from store
2019-09-04T12:39:06.315Z - info: [ui] [AppStore] found account: Arisena (Arisena)
2019-09-04T12:39:06.315Z - info: [ui] [AppStore] found account: Arisena (Arisena)
2019-09-04T12:39:07.313Z - info: [ui] [BranchPruner] Last prune took place in 2 hours - skipping
2019-09-04T12:39:08.349Z - info: [ui] launching: 2.1.0-linux1 (Linux 5.2.11-zen1-1-zen)
2019-09-04T12:39:08.350Z - info: [ui] execPath: '/opt/github-desktop/github-desktop'
2019-09-04T12:39:09.772Z - info: [ui] Executing installGlobalLFSFilter: git lfs install --skip-repo (took 1.428s)
2019-09-04T12:39:23.463Z - info: [ui] Executing fetch: git -c credential.helper= -c protocol.version=2 fetch --progress --prune origin (took 1.234s)
2019-09-04T12:40:06.249Z - info: [ui] [AppStore] loading 1 repositories from store
2019-09-04T12:40:06.252Z - info: [ui] [AppStore] found account: Arisena (Arisena)
2019-09-04T12:40:06.252Z - info: [ui] [AppStore] found account: Arisena (Arisena)
2019-09-04T12:40:06.288Z - info: [ui] [BranchPruner] Last prune took place in 2 hours - skipping
2019-09-04T12:40:07.196Z - info: [ui] launching: 2.1.0-linux1 (Linux 5.2.11-zen1-1-zen)
2019-09-04T12:40:07.197Z - info: [ui] execPath: '/opt/github-desktop/github-desktop'
2019-09-04T12:40:19.182Z - info: [ui] [Timing] Action 'create commit' for 'arisena/mah-stuff' took 0.564s
