2019-09-03T14:38:41.959Z - info: [ui] Opt in reported.
2019-09-03T14:38:42.214Z - info: [ui] [AppStore] loading 0 repositories from store
2019-09-03T14:38:42.252Z - info: [ui] [Welcome] no sign in step found. ignoring...
2019-09-03T14:38:42.254Z - info: [ui] [Welcome] no sign in step found. ignoring...
2019-09-03T14:38:42.255Z - info: [ui] [Welcome] no sign in step found. ignoring...
2019-09-03T14:38:42.256Z - info: [ui] [Welcome] no sign in step found. ignoring...
2019-09-03T14:38:42.257Z - info: [ui] [Welcome] no sign in step found. ignoring...
2019-09-03T14:38:43.003Z - info: [ui] [Welcome] no sign in step found. ignoring...
2019-09-03T14:38:43.381Z - info: [ui] launching: 2.1.0-linux1 (Linux 5.2.11-zen1-1-zen)
2019-09-03T14:38:43.381Z - info: [ui] execPath: '/opt/github-desktop/github-desktop'
2019-09-03T14:38:43.408Z - info: [ui] [Welcome] no sign in step found. ignoring...
2019-09-03T14:38:46.739Z - info: [ui] [Welcome] no sign in step found. ignoring...
2019-09-03T14:38:46.745Z - info: [ui] [Welcome] no sign in step found. ignoring...
2019-09-03T14:38:47.432Z - info: [ui] [Welcome] no sign in step found. ignoring...
2019-09-03T14:38:55.310Z - info: [ui] [Welcome] advancing to step: SignInToDotCom
2019-09-03T14:38:55.317Z - info: [ui] [Welcome] current sign in state not found. ignoring...
2019-09-03T14:39:05.442Z - info: [ui] [Welcome] kind Authentication is the same as Authentication. ignoring...
2019-09-03T14:39:06.214Z - info: [ui] [AppStore] adding account Arisena (Arisena) to store
2019-09-03T14:39:06.227Z - info: [ui] [Welcome] advancing to step: ConfigureGit
2019-09-03T14:39:06.413Z - info: [ui] [Welcome] no sign in step found. ignoring...
2019-09-03T14:39:07.012Z - info: [ui] [Welcome] no sign in step found. ignoring...
2019-09-03T14:39:15.596Z - info: [ui] [Welcome] no sign in step found. ignoring...
2019-09-03T14:39:15.622Z - info: [ui] [Welcome] no sign in step found. ignoring...
2019-09-03T14:39:15.841Z - info: [ui] [Welcome] no sign in step found. ignoring...
2019-09-03T14:39:26.136Z - info: [ui] [Welcome] advancing to step: Start
2019-09-03T14:39:27.893Z - info: [ui] [Welcome] advancing to step: SignInToDotCom
2019-09-03T14:39:27.897Z - info: [ui] [Welcome] current sign in state not found. ignoring...
2019-09-03T14:39:35.206Z - info: [ui] [Welcome] kind Authentication is the same as Authentication. ignoring...
2019-09-03T14:39:35.638Z - info: [ui] [AppStore] adding account Arisena (Arisena) to store
2019-09-03T14:39:35.643Z - info: [ui] [Welcome] advancing to step: ConfigureGit
2019-09-03T14:39:35.723Z - info: [ui] [Welcome] no sign in step found. ignoring...
2019-09-03T14:39:35.845Z - info: [ui] [Welcome] no sign in step found. ignoring...
2019-09-03T14:39:35.973Z - info: [ui] [Welcome] no sign in step found. ignoring...
2019-09-03T14:39:50.469Z - info: [ui] [Welcome] advancing to step: UsageOptOut
2019-09-03T14:39:52.809Z - info: [ui] Opt in reported.
2019-09-03T14:39:58.232Z - info: [ui] [AppStore.getAccountForRemoteURL] account found for remote: https://github.com/Arisena/mah-stuff.git - Arisena (has token)
2019-09-03T14:39:59.575Z - info: [ui] Executing clone: git -c credential.helper= -c protocol.version=2 clone --recursive --progress -- https://github.com/Arisena/mah-stuff.git /home/ari/Documents/GitHub/mah-stuff (took 1.264s)
2019-09-03T14:39:59.596Z - info: [ui] [AppStore] adding repository at /home/ari/Documents/GitHub/mah-stuff to store
2019-09-03T14:40:00.647Z - info: [ui] [BranchPruner] No branches to prune.
2019-09-03T14:40:10.680Z - info: [ui] [BranchPruner] Last prune took place in a day - skipping
2019-09-03T14:43:02.672Z - info: [ui] [Timing] Action 'create commit' for 'arisena/mah-stuff' took 0.381s
2019-09-03T14:45:01.766Z - info: [ui] [AppStore] loading 1 repositories from store
2019-09-03T14:45:01.767Z - info: [ui] [AppStore] found account: Arisena (Arisena)
2019-09-03T14:45:01.767Z - info: [ui] [AppStore] found account: Arisena (Arisena)
2019-09-03T14:45:03.034Z - info: [ui] Executing getStatus: git --no-optional-locks status --untracked-files=all --branch --porcelain=2 -z (took 1.259s)
2019-09-03T14:45:03.769Z - info: [ui] launching: 2.1.0-linux1 (Linux 5.2.11-zen1-1-zen)
2019-09-03T14:45:03.770Z - info: [ui] execPath: '/opt/github-desktop/github-desktop'
2019-09-03T14:45:04.219Z - info: [ui] [BranchPruner] No branches to prune.
2019-09-03T14:45:04.555Z - info: [ui] Stats reported.
2019-09-03T14:45:05.445Z - info: [ui] Executing installGlobalLFSFilter: git lfs install --skip-repo (took 1.679s)
2019-09-03T14:45:06.125Z - info: [ui] [Timing] Action 'create commit' for 'arisena/mah-stuff' took 0.646s
2019-09-03T18:38:41.588Z - info: [ui] [AppStore] loading 1 repositories from store
2019-09-03T18:38:41.588Z - info: [ui] [AppStore] found account: Arisena (Arisena)
2019-09-03T18:38:41.589Z - info: [ui] [AppStore] found account: Arisena (Arisena)
2019-09-03T18:38:42.792Z - info: [ui] [BranchPruner] Last prune took place in 20 hours - skipping
2019-09-03T18:38:42.818Z - info: [ui] Executing getStatus: git --no-optional-locks status --untracked-files=all --branch --porcelain=2 -z (took 1.221s)
2019-09-03T18:38:43.872Z - info: [ui] launching: 2.1.0-linux1 (Linux 5.2.11-zen1-1-zen)
2019-09-03T18:38:43.872Z - info: [ui] execPath: '/opt/github-desktop/github-desktop'
2019-09-03T18:38:45.190Z - info: [ui] Executing installGlobalLFSFilter: git lfs install --skip-repo (took 1.322s)
2019-09-03T18:39:11.613Z - info: [ui] Executing fetch: git -c credential.helper= -c protocol.version=2 fetch --progress --prune origin (took 1.324s)
2019-09-03T18:40:13.152Z - info: [ui] [Timing] Action 'create commit' for 'arisena/mah-stuff' took 0.451s
2019-09-03T18:40:27.799Z - info: [ui] [AppStore] loading 1 repositories from store
2019-09-03T18:40:27.801Z - info: [ui] [AppStore] found account: Arisena (Arisena)
2019-09-03T18:40:27.801Z - info: [ui] [AppStore] found account: Arisena (Arisena)
2019-09-03T18:40:27.846Z - info: [ui] [BranchPruner] Last prune took place in 20 hours - skipping
2019-09-03T18:40:28.684Z - info: [ui] launching: 2.1.0-linux1 (Linux 5.2.11-zen1-1-zen)
2019-09-03T18:40:28.684Z - info: [ui] execPath: '/opt/github-desktop/github-desktop'
2019-09-03T18:40:30.526Z - info: [ui] [Timing] Action 'create commit' for 'arisena/mah-stuff' took 0.415s
2019-09-03T18:40:40.995Z - info: [ui] [Timing] Action 'create commit' for 'arisena/mah-stuff' took 0.331s
